<?xml version="1.0" encoding="UTF-8" ?>
<testsuite tests="31" failures="0" name="step_definitions.RunCukesTest" time="0.008" errors="0" skipped="0">
  <properties>
[...]
</properties>
  <testcase classname="Scenario: Normal Login" name="Given User open the web page" time="0.004"/>
  <testcase classname="Scenario: Normal Login" name="When User input &quot;standard_user&quot; as userName and &quot;secret_sauce&quot; as password" time="0"/>
  <testcase classname="Scenario: Normal Login" name="Scenario: Normal Login" time="0.001"/>
  <testcase classname="| asd | secret_sauce | Epic sadface: Username and password do not match any user in this service |" name="Given User open the web page" time="0"/>
  <testcase classname="| asd | secret_sauce | Epic sadface: Username and password do not match any user in this service |" name="When User input &quot;asd&quot; as userName and &quot;secret_sauce&quot; as password" time="0"/>
  <testcase classname="| asd | secret_sauce | Epic sadface: Username and password do not match any user in this service |" name="Then User will see &quot;Epic sadface: Username and password do not match any user in this service&quot; on login page" time="0"/>
  <testcase classname="| asd | secret_sauce | Epic sadface: Username and password do not match any user in this service |" name="| asd | secret_sauce | Epic sadface: Username and password do not match any user in this service |" time="0"/>
  <testcase classname="| standard_user | 123 | Epic sadface: Username and password do not match any user in this service |" name="Given User open the web page" time="0.001"/>
  <testcase classname="| standard_user | 123 | Epic sadface: Username and password do not match any user in this service |" name="When User input &quot;standard_user&quot; as userName and &quot;123&quot; as password" time="0"/>
  <testcase classname="| standard_user | 123 | Epic sadface: Username and password do not match any user in this service |" name="Then User will see &quot;Epic sadface: Username and password do not match any user in this service&quot; on login page" time="0"/>
  <testcase classname="| standard_user | 123 | Epic sadface: Username and password do not match any user in this service |" name="| standard_user | 123 | Epic sadface: Username and password do not match any user in this service |" time="0.001"/>
  <testcase classname="| asd | 123 | Epic sadface: Username and password do not match any user in this service |" name="Given User open the web page" time="0"/>
  <testcase classname="| asd | 123 | Epic sadface: Username and password do not match any user in this service |" name="When User input &quot;asd&quot; as userName and &quot;123&quot; as password" time="0"/>
  <testcase classname="| asd | 123 | Epic sadface: Username and password do not match any user in this service |" name="Then User will see &quot;Epic sadface: Username and password do not match any user in this service&quot; on login page" time="0"/>
  <testcase classname="| asd | 123 | Epic sadface: Username and password do not match any user in this service |" name="| asd | 123 | Epic sadface: Username and password do not match any user in this service |" time="0"/>
  <testcase classname="Given User open the web page(Scenario: User will sort item by Name (Z to A))" name="Given User open the web page(Scenario: User will sort item by Name " time="0"/>
  <testcase classname="When User input &quot;standard_user&quot; as userName and &quot;secret_sauce&quot; as password(Scenario: User will sort item by Name (Z to A))" name="When User input &quot;standard_user&quot; as userName and &quot;secret_sauce&quot; as password(Scenario: User will sort item by Name " time="0"/>
  <testcase classname="Then User sort product list by &quot;Name (Z to A)&quot;(Scenario: User will sort item by Name (Z to A))" name="Then User sort product list by &quot;Name (Z to A)&quot;(Scenario: User will sort item by Name " time="0"/>
  <testcase classname="Then User choose first item &quot;Test.allTheThings() T-Shirt (Red)&quot; and checkout to cart(Scenario: User will sort item by Name (Z to A))" name="Then User choose first item &quot;Test.allTheThings() T-Shirt (Red)&quot; and checkout to cart(Scenario: User will sort item by Name " time="0"/>
  <testcase classname="And User choose second item &quot;Sauce Labs Onesie&quot; and checkout to cart(Scenario: User will sort item by Name (Z to A))" name="And User choose second item &quot;Sauce Labs Onesie&quot; and checkout to cart(Scenario: User will sort item by Name " time="0"/>
  <testcase classname="Then User click Cart Icon(Scenario: User will sort item by Name (Z to A))" name="Then User click Cart Icon(Scenario: User will sort item by Name " time="0"/>
  <testcase classname="Then User click button remove item(Scenario: User will sort item by Name (Z to A))" name="Then User click button remove item(Scenario: User will sort item by Name " time="0"/>
  <testcase classname="And User click button checkout(Scenario: User will sort item by Name (Z to A))" name="And User click button checkout(Scenario: User will sort item by Name " time="0"/>
  <testcase classname="Then User input &quot;Rezki&quot; as firstname and &quot;Adina&quot; as lasname and &quot;123&quot; as postalcode(Scenario: User will sort item by Name (Z to A))" name="Then User input &quot;Rezki&quot; as firstname and &quot;Adina&quot; as lasname and &quot;123&quot; as postalcode(Scenario: User will sort item by Name " time="0"/>
  <testcase classname="And User click button continue(Scenario: User will sort item by Name (Z to A))" name="And User click button continue(Scenario: User will sort item by Name " time="0"/>
  <testcase classname="Then User verify total item &quot;Item total: $7.99&quot; as expected total item(Scenario: User will sort item by Name (Z to A))" name="Then User verify total item &quot;Item total: $7.99&quot; as expected total item(Scenario: User will sort item by Name " time="0"/>
  <testcase classname="And User verify tax item &quot;Tax: $0.64&quot; as expected tax item(Scenario: User will sort item by Name (Z to A))" name="And User verify tax item &quot;Tax: $0.64&quot; as expected tax item(Scenario: User will sort item by Name " time="0"/>
  <testcase classname="And User verifiy Total price &quot;Total: $8.63&quot; as expected total price(Scenario: User will sort item by Name (Z to A))" name="And User verifiy Total price &quot;Total: $8.63&quot; as expected total price(Scenario: User will sort item by Name " time="0"/>
  <testcase classname="Then User click button Finish(Scenario: User will sort item by Name (Z to A))" name="Then User click button Finish(Scenario: User will sort item by Name " time="0"/>
  <testcase classname="Then User verify &quot;THANK YOU FOR YOUR ORDER&quot; as finishing text(Scenario: User will sort item by Name (Z to A))" name="Then User verify &quot;THANK YOU FOR YOUR ORDER&quot; as finishing text(Scenario: User will sort item by Name " time="0"/>
  <testcase classname="Z to A" name="Scenario: User will sort item by Name " time="0.001"/>
</testsuite>